C51 COMPILER V9.59.0.0   E7                                                                11/15/2019 10:38:21 PAGE 1   


C51 COMPILER V9.59.0.0, COMPILATION OF MODULE E7
OBJECT MODULE PLACED IN .\Objects\E7.obj
COMPILER INVOKED BY: C:\Keil_v5\C51\BIN\C51.EXE E7.c OPTIMIZE(8,SPEED) BROWSE DEBUG OBJECTEXTEND PRINT(.\Listings\E7.lst
                    -) TABS(2) OBJECT(.\Objects\E7.obj)

line level    source

   1          #include <reg52.h>
   2          #define uchar unsigned char
   3          #define uint unsigned int
   4          unsigned char code YY[8] = {0x01,0x02,0x04,0x08,0x10,0x20,0x40,0x80};
   5          unsigned char code XX[10][8]=
   6          {
   7          {0x00,0x00,0x3e,0x41,0x41,0x41,0x3e,0x00}, //0
   8          {0x00,0x00,0x00,0x00,0x21,0x7f,0x01,0x00}, //1
   9          {0x00,0x00,0x27,0x45,0x45,0x45,0x39,0x00}, //2
  10          {0x00,0x00,0x22,0x49,0x49,0x49,0x36,0x00}, //3
  11          {0x00,0x00,0x0c,0x14,0x24,0x7f,0x04,0x00}, //4
  12          {0x00,0x00,0x72,0x51,0x51,0x51,0x4e,0x00}, //5
  13          {0x00,0x00,0x3e,0x49,0x49,0x49,0x26,0x00}, //6
  14          {0x00,0x00,0x40,0x40,0x40,0x4f,0x70,0x00}, //7
  15          {0x00,0x00,0x36,0x49,0x49,0x49,0x36,0x00}, //8
  16          {0x00,0x00,0x32,0x49,0x49,0x49,0x3e,0x00}, //9
  17          };
  18          
  19          uchar i,k,j,t=0;
  20          void delay(uchar ms)
  21          {
  22   1        while(ms--)
  23   1         {
  24   2          for (i=0;i<100;i++);
  25   2         }
  26   1      }
  27          
  28          void main()
  29          {
  30   1       while(1)
  31   1          {
  32   2          for(t=0;t<10;t++)
  33   2                {
  34   3             for(j=1;j<50;j++)
  35   3              {
  36   4                for(k=0;k<8;k++)
  37   4                 {
  38   5                  P0=YY[k];
  39   5                  P1=~XX[t][k];
  40   5                  delay(3);
  41   5                 }
  42   4                 }
  43   3                }
  44   2          }
  45   1      }


MODULE INFORMATION:   STATIC OVERLAYABLE
   CODE SIZE        =    123    ----
   CONSTANT SIZE    =     88    ----
   XDATA SIZE       =   ----    ----
   PDATA SIZE       =   ----    ----
   DATA SIZE        =      4    ----
   IDATA SIZE       =   ----    ----
C51 COMPILER V9.59.0.0   E7                                                                11/15/2019 10:38:21 PAGE 2   

   BIT SIZE         =   ----    ----
END OF MODULE INFORMATION.


C51 COMPILATION COMPLETE.  0 WARNING(S),  0 ERROR(S)
