C51 COMPILER V9.59.0.0   E8                                                                11/15/2019 10:11:33 PAGE 1   


C51 COMPILER V9.59.0.0, COMPILATION OF MODULE E8
OBJECT MODULE PLACED IN .\Objects\E8.obj
COMPILER INVOKED BY: C:\Keil_v5\C51\BIN\C51.EXE E8.c OPTIMIZE(8,SPEED) BROWSE DEBUG OBJECTEXTEND PRINT(.\Listings\E8.lst
                    -) TABS(2) OBJECT(.\Objects\E8.obj)

line level    source

   1          #include<reg51.h>
   2          
   3          #define uchar unsigned char
   4          #define uint unsigned int
   5          uchar code table[]="Hello World!";
   6          uchar num;
   7          
   8          sbit lcdrs = P2^6;
   9          sbit lcden = P2^7;
  10          sbit lcdwr = P2^5;
  11          
  12          
  13          void delay(uint z)
  14          {
  15   1        uint x,y;
  16   1        for(x=z;x>0;x--)
  17   1        for(y=110;y>0;y--);
  18   1      }
  19          
  20          void write_command(uchar command)
  21          {
  22   1        lcdrs = 0;
  23   1        P0=command;
  24   1        delay(5);
  25   1        lcden=1;
  26   1        delay(5);
  27   1        lcden=0;
  28   1      }
  29          
  30          void write_data(uchar date)
  31          {
  32   1      lcdrs=1;
  33   1      P0=date;
  34   1      delay(5);
  35   1      lcden=1;
  36   1      delay(5);
  37   1      lcden=0;
  38   1      }
  39          
  40          void show_string(uint line ,uchar *str)            //显示子程序
  41          {
  42   1        if(line==1)
  43   1        {
  44   2          write_command(0x80);
  45   2        }
  46   1        else
  47   1        {
  48   2          write_command(0x80+0x40);
  49   2        }
  50   1        while(*str!='\0')
  51   1        {
  52   2          write_data(*str++); 
  53   2          delay(5);
  54   2        }               
C51 COMPILER V9.59.0.0   E8                                                                11/15/2019 10:11:33 PAGE 2   

  55   1                   
  56   1      }
  57          
  58          void init_LCD()
  59          {
  60   1      lcden=0;
  61   1      lcdwr = 0;
  62   1      write_command(0x38);//设置16X2显示,5X7点阵,8位数据接口
  63   1      write_command(0x0C);//设置开显示，不显示光标
  64   1      write_command(0x06);
  65   1      write_command(0x01);//显示清零，数据指针清零
  66   1      }
  67          
  68          void init_Timer()
  69          {
  70   1        TMOD = 0x01;
  71   1        TH0 = 0x3c;
  72   1        TL0 = 0xb0;
  73   1        EA = 1;
  74   1        ET0 = 1;
  75   1        
  76   1        TR0 = 1;
  77   1      }
  78            
  79          uint s0=0x30;
  80          uint s1=0x30;
  81          void main()
  82          {
  83   1        init_Timer();
  84   1        init_LCD();
  85   1        show_string(2,table);
  86   1      
  87   1        write_command(0x80);
  88   1        write_data(s0);
  89   1        write_data(s1);
  90   1        
  91   1        while(1); 
  92   1      }
  93          
  94          void t0() interrupt 1
  95          {
  96   1        static uint i = 0;
  97   1        i++;
  98   1        if(i>20)
  99   1        {
 100   2          i=0;
 101   2          s1++;
 102   2          write_command(0x81);
 103   2          write_data(s1);
 104   2          if(s1>0x39)
 105   2          {
 106   3            s1=0x30;
 107   3            write_command(0x81);
 108   3            write_data(s1);
 109   3            s0++;
 110   3            write_command(0x80);
 111   3            write_data(s0);
 112   3          }
 113   2          if(s0>0x35)
 114   2          {
 115   3            s0=0x30;
 116   3            write_command(0x80);
C51 COMPILER V9.59.0.0   E8                                                                11/15/2019 10:11:33 PAGE 3   

 117   3            write_data(s0);
 118   3          }
 119   2        }
 120   1      }


MODULE INFORMATION:   STATIC OVERLAYABLE
   CODE SIZE        =    319    ----
   CONSTANT SIZE    =     13    ----
   XDATA SIZE       =   ----    ----
   PDATA SIZE       =   ----    ----
   DATA SIZE        =      7       3
   IDATA SIZE       =   ----    ----
   BIT SIZE         =   ----    ----
END OF MODULE INFORMATION.


C51 COMPILATION COMPLETE.  0 WARNING(S),  0 ERROR(S)
